<?xml version="1.0" encoding="UTF-8"?>
<testng-results ignored="0" total="2" passed="2" failed="0" skipped="0">
  <reporter-output>
  </reporter-output>
  <suite started-at="2024-01-16T08:43:32Z" name="Default suite" finished-at="2024-01-16T08:44:08Z" duration-ms="36206">
    <groups>
      <group name="cucumber">
        <method signature="AbstractTestNGCucumberTests.runScenario(io.cucumber.testng.PickleWrapper, io.cucumber.testng.FeatureWrapper)[pri:0, instance:TestRunner.RunnerTest@7ae42ce3]" name="runScenario" class="io.cucumber.testng.AbstractTestNGCucumberTests"/>
      </group> <!-- cucumber -->
    </groups>
    <test started-at="2024-01-16T08:43:32Z" name="Default test" finished-at="2024-01-16T08:44:08Z" duration-ms="36206">
      <class name="TestRunner.RunnerTest">
        <test-method is-config="true" signature="setUpClass(org.testng.ITestContext)[pri:0, instance:TestRunner.RunnerTest@7ae42ce3]" started-at="2024-01-16T08:43:32Z" name="setUpClass" finished-at="2024-01-16T08:43:32Z" duration-ms="196" status="PASS">
          <params>
            <param index="0">
              <value>
                <![CDATA[org.testng.TestRunner@1835d3ed]]>
              </value>
            </param>
          </params>
          <reporter-output>
          </reporter-output>
        </test-method> <!-- setUpClass -->
        <test-method signature="runScenario(io.cucumber.testng.PickleWrapper, io.cucumber.testng.FeatureWrapper)[pri:0, instance:TestRunner.RunnerTest@7ae42ce3]" started-at="2024-01-16T08:43:32Z" name="runScenario" description="Runs Cucumber Scenarios" data-provider="scenarios" finished-at="2024-01-16T08:44:02Z" duration-ms="29821" status="PASS">
          <params>
            <param index="0">
              <value>
                <![CDATA["Test Login Page Functionality"]]>
              </value>
            </param>
            <param index="1">
              <value>
                <![CDATA["Test ORANGEHRM Application"]]>
              </value>
            </param>
          </params>
          <reporter-output>
          </reporter-output>
        </test-method> <!-- runScenario -->
        <test-method signature="runScenario(io.cucumber.testng.PickleWrapper, io.cucumber.testng.FeatureWrapper)[pri:0, instance:TestRunner.RunnerTest@7ae42ce3]" started-at="2024-01-16T08:44:02Z" name="runScenario" description="Runs Cucumber Scenarios" data-provider="scenarios" finished-at="2024-01-16T08:44:08Z" duration-ms="6156" status="PASS">
          <params>
            <param index="0">
              <value>
                <![CDATA["Test Home Page Functionality"]]>
              </value>
            </param>
            <param index="1">
              <value>
                <![CDATA["Test ORANGEHRM Application"]]>
              </value>
            </param>
          </params>
          <reporter-output>
          </reporter-output>
        </test-method> <!-- runScenario -->
        <test-method is-config="true" signature="tearDownClass()[pri:0, instance:TestRunner.RunnerTest@7ae42ce3]" started-at="2024-01-16T08:44:08Z" name="tearDownClass" finished-at="2024-01-16T08:44:08Z" duration-ms="16" status="PASS">
          <reporter-output>
          </reporter-output>
        </test-method> <!-- tearDownClass -->
      </class> <!-- TestRunner.RunnerTest -->
    </test> <!-- Default test -->
  </suite> <!-- Default suite -->
</testng-results>
